[13Jun.2023 18:47:26.704] [main/INFO] [cpw.mods.modlauncher.Launcher/MODLAUNCHER]: ModLauncher running: args [--launchTarget, forgeclientuserdev, --version, MOD_DEV, --assetIndex, 1.19, --assetsDir, /home/rae/.gradle/caches/forge_gradle/assets, --gameDir, ., --fml.forgeVersion, 43.2.3, --fml.mcVersion, 1.19.2, --fml.forgeGroup, net.minecraftforge, --fml.mcpVersion, 20220805.130853]
[13Jun.2023 18:47:26.706] [main/INFO] [cpw.mods.modlauncher.Launcher/MODLAUNCHER]: ModLauncher 10.0.8+10.0.8+main.0ef7e830 starting: java version 17.0.7 by Amazon.com Inc.; OS Linux arch amd64 version 5.15.0-73-generic
[13Jun.2023 18:47:26.789] [main/INFO] [mixin/]: SpongePowered MIXIN Subsystem Version=0.8.5 Source=union:/home/rae/.gradle/caches/modules-2/files-2.1/org.spongepowered/mixin/0.8.5/9d1c0c3a304ae6697ecd477218fa61b850bf57fc/mixin-0.8.5.jar%23114!/ Service=ModLauncher Env=CLIENT
[13Jun.2023 18:47:27.017] [main/WARN] [net.minecraftforge.fml.loading.moddiscovery.ModFileParser/LOADING]: Mod file /home/rae/.gradle/caches/modules-2/files-2.1/net.minecraftforge/javafmllanguage/1.19.2-43.2.3/45687785dd2c4c0a44768b7d49d78a7d0d95a074/javafmllanguage-1.19.2-43.2.3.jar is missing mods.toml file
[13Jun.2023 18:47:27.018] [main/WARN] [net.minecraftforge.fml.loading.moddiscovery.ModFileParser/LOADING]: Mod file /home/rae/.gradle/caches/modules-2/files-2.1/net.minecraftforge/lowcodelanguage/1.19.2-43.2.3/a277cdb1c183feb61bfc17268fa67689c1c111dc/lowcodelanguage-1.19.2-43.2.3.jar is missing mods.toml file
[13Jun.2023 18:47:27.019] [main/WARN] [net.minecraftforge.fml.loading.moddiscovery.ModFileParser/LOADING]: Mod file /home/rae/.gradle/caches/modules-2/files-2.1/net.minecraftforge/mclanguage/1.19.2-43.2.3/4397f2bd6f775ca187878e0ae5917fed0436e0d9/mclanguage-1.19.2-43.2.3.jar is missing mods.toml file
[13Jun.2023 18:47:27.020] [main/WARN] [net.minecraftforge.fml.loading.moddiscovery.ModFileParser/LOADING]: Mod file /home/rae/.gradle/caches/modules-2/files-2.1/net.minecraftforge/fmlcore/1.19.2-43.2.3/afe360ce5e3041882fcd8bbf1550fa822619a7b8/fmlcore-1.19.2-43.2.3.jar is missing mods.toml file
[13Jun.2023 18:47:27.094] [main/INFO] [net.minecraftforge.fml.loading.moddiscovery.JarInJarDependencyLocator/]: No dependencies to load found. Skipping!
[13Jun.2023 18:47:28.033] [main/INFO] [mixin/]: Compatibility level set to JAVA_17
[13Jun.2023 18:47:28.038] [main/INFO] [cpw.mods.modlauncher.LaunchServiceHandler/MODLAUNCHER]: Launching target 'forgeclientuserdev' with arguments [--version, MOD_DEV, --gameDir, ., --assetsDir, /home/rae/.gradle/caches/forge_gradle/assets, --assetIndex, 1.19]
[13Jun.2023 18:47:28.148] [main/WARN] [mixin/]: Error loading class: me/jellysquid/mods/sodium/client/render/chunk/data/ChunkRenderData$Builder (java.lang.ClassNotFoundException: me.jellysquid.mods.sodium.client.render.chunk.data.ChunkRenderData$Builder)
[13Jun.2023 18:47:28.148] [main/WARN] [mixin/]: @Mixin target me.jellysquid.mods.sodium.client.render.chunk.data.ChunkRenderData$Builder was not found flywheel.mixins.json:instancemanage.SodiumChunkRenderDataMixin
[13Jun.2023 18:47:28.872] [pool-3-thread-1/FATAL] [mixin/]: Mixin apply failed create.mixins.json:EntityMixin -> net.minecraft.world.entity.Entity: org.spongepowered.asm.mixin.injection.throwables.InvalidInjectionException Critical injection failure: @Inject annotation on create$onFireImmune could not find any targets matching 'Lnet/minecraft/world/entity/Entity;m_5825_()Z' in net.minecraft.world.entity.Entity. Using refmap create.refmap.json [PREINJECT Applicator Phase -> create.mixins.json:EntityMixin -> Prepare Injections ->  -> handler$zbb000$create$onFireImmune(Lorg/spongepowered/asm/mixin/injection/callback/CallbackInfoReturnable;)V -> Parse]
org.spongepowered.asm.mixin.injection.throwables.InvalidInjectionException: Critical injection failure: @Inject annotation on create$onFireImmune could not find any targets matching 'Lnet/minecraft/world/entity/Entity;m_5825_()Z' in net.minecraft.world.entity.Entity. Using refmap create.refmap.json [PREINJECT Applicator Phase -> create.mixins.json:EntityMixin -> Prepare Injections ->  -> handler$zbb000$create$onFireImmune(Lorg/spongepowered/asm/mixin/injection/callback/CallbackInfoReturnable;)V -> Parse]
	at org.spongepowered.asm.mixin.injection.struct.InjectionInfo.validateTargets(InjectionInfo.java:656) ~[mixin-0.8.5.jar:0.8.5+Jenkins-b310.git-155314e6e91465dad727e621a569906a410cd6f4]
	at org.spongepowered.asm.mixin.injection.struct.InjectionInfo.findTargets(InjectionInfo.java:587) ~[mixin-0.8.5.jar:0.8.5+Jenkins-b310.git-155314e6e91465dad727e621a569906a410cd6f4]
	at org.spongepowered.asm.mixin.injection.struct.InjectionInfo.readAnnotation(InjectionInfo.java:330) ~[mixin-0.8.5.jar:0.8.5+Jenkins-b310.git-155314e6e91465dad727e621a569906a410cd6f4]
	at org.spongepowered.asm.mixin.injection.struct.InjectionInfo.<init>(InjectionInfo.java:316) ~[mixin-0.8.5.jar:0.8.5+Jenkins-b310.git-155314e6e91465dad727e621a569906a410cd6f4]
	at org.spongepowered.asm.mixin.injection.struct.InjectionInfo.<init>(InjectionInfo.java:308) ~[mixin-0.8.5.jar:0.8.5+Jenkins-b310.git-155314e6e91465dad727e621a569906a410cd6f4]
	at org.spongepowered.asm.mixin.injection.struct.CallbackInjectionInfo.<init>(CallbackInjectionInfo.java:46) ~[mixin-0.8.5.jar:0.8.5+Jenkins-b310.git-155314e6e91465dad727e621a569906a410cd6f4]
	at jdk.internal.reflect.NativeConstructorAccessorImpl.newInstance0(Native Method) ~[?:?]
	at jdk.internal.reflect.NativeConstructorAccessorImpl.newInstance(NativeConstructorAccessorImpl.java:77) ~[?:?]
	at jdk.internal.reflect.DelegatingConstructorAccessorImpl.newInstance(DelegatingConstructorAccessorImpl.java:45) ~[?:?]
	at java.lang.reflect.Constructor.newInstanceWithCaller(Constructor.java:499) ~[?:?]
	at java.lang.reflect.Constructor.newInstance(Constructor.java:480) ~[?:?]
	at org.spongepowered.asm.mixin.injection.struct.InjectionInfo$InjectorEntry.create(InjectionInfo.java:149) ~[mixin-0.8.5.jar:0.8.5+Jenkins-b310.git-155314e6e91465dad727e621a569906a410cd6f4]
	at org.spongepowered.asm.mixin.injection.struct.InjectionInfo.parse(InjectionInfo.java:708) ~[mixin-0.8.5.jar:0.8.5+Jenkins-b310.git-155314e6e91465dad727e621a569906a410cd6f4]
	at org.spongepowered.asm.mixin.transformer.MixinTargetContext.prepareInjections(MixinTargetContext.java:1311) ~[mixin-0.8.5.jar:0.8.5+Jenkins-b310.git-155314e6e91465dad727e621a569906a410cd6f4]
	at org.spongepowered.asm.mixin.transformer.MixinApplicatorStandard.prepareInjections(MixinApplicatorStandard.java:1042) ~[mixin-0.8.5.jar:0.8.5+Jenkins-b310.git-155314e6e91465dad727e621a569906a410cd6f4]
	at org.spongepowered.asm.mixin.transformer.MixinApplicatorStandard.applyMixin(MixinApplicatorStandard.java:393) ~[mixin-0.8.5.jar:0.8.5+Jenkins-b310.git-155314e6e91465dad727e621a569906a410cd6f4]
	at org.spongepowered.asm.mixin.transformer.MixinApplicatorStandard.apply(MixinApplicatorStandard.java:325) ~[mixin-0.8.5.jar:0.8.5+Jenkins-b310.git-155314e6e91465dad727e621a569906a410cd6f4]
	at org.spongepowered.asm.mixin.transformer.TargetClassContext.apply(TargetClassContext.java:383) ~[mixin-0.8.5.jar:0.8.5+Jenkins-b310.git-155314e6e91465dad727e621a569906a410cd6f4]
	at org.spongepowered.asm.mixin.transformer.TargetClassContext.applyMixins(TargetClassContext.java:365) ~[mixin-0.8.5.jar:0.8.5+Jenkins-b310.git-155314e6e91465dad727e621a569906a410cd6f4]
	at org.spongepowered.asm.mixin.transformer.MixinProcessor.applyMixins(MixinProcessor.java:363) ~[mixin-0.8.5.jar:0.8.5+Jenkins-b310.git-155314e6e91465dad727e621a569906a410cd6f4]
	at org.spongepowered.asm.mixin.transformer.MixinTransformer.transformClass(MixinTransformer.java:250) ~[mixin-0.8.5.jar:0.8.5+Jenkins-b310.git-155314e6e91465dad727e621a569906a410cd6f4]
	at org.spongepowered.asm.service.modlauncher.MixinTransformationHandler.processClass(MixinTransformationHandler.java:131) ~[mixin-0.8.5.jar:0.8.5+Jenkins-b310.git-155314e6e91465dad727e621a569906a410cd6f4]
	at org.spongepowered.asm.launch.MixinLaunchPluginLegacy.processClass(MixinLaunchPluginLegacy.java:131) ~[mixin-0.8.5.jar:0.8.5+Jenkins-b310.git-155314e6e91465dad727e621a569906a410cd6f4]
	at cpw.mods.modlauncher.serviceapi.ILaunchPluginService.processClassWithFlags(ILaunchPluginService.java:156) ~[modlauncher-10.0.8.jar:10.0.8+10.0.8+main.0ef7e830]
	at cpw.mods.modlauncher.LaunchPluginHandler.offerClassNodeToPlugins(LaunchPluginHandler.java:88) ~[modlauncher-10.0.8.jar:?]
	at cpw.mods.modlauncher.ClassTransformer.transform(ClassTransformer.java:120) ~[modlauncher-10.0.8.jar:?]
	at cpw.mods.modlauncher.TransformingClassLoader.maybeTransformClassBytes(TransformingClassLoader.java:50) ~[modlauncher-10.0.8.jar:?]
	at cpw.mods.cl.ModuleClassLoader.readerToClass(ModuleClassLoader.java:113) ~[securejarhandler-2.1.4.jar:?]
	at cpw.mods.cl.ModuleClassLoader.lambda$findClass$15(ModuleClassLoader.java:219) ~[securejarhandler-2.1.4.jar:?]
	at cpw.mods.cl.ModuleClassLoader.loadFromModule(ModuleClassLoader.java:229) ~[securejarhandler-2.1.4.jar:?]
	at cpw.mods.cl.ModuleClassLoader.findClass(ModuleClassLoader.java:219) ~[securejarhandler-2.1.4.jar:?]
	at cpw.mods.cl.ModuleClassLoader.loadClass(ModuleClassLoader.java:135) ~[securejarhandler-2.1.4.jar:?]
	at java.lang.ClassLoader.loadClass(ClassLoader.java:520) ~[?:?]
	at net.minecraftforge.registries.GameData.init(GameData.java:110) ~[forge-1.19.2-43.2.3_mapped_official_1.19.2-recomp.jar%23177%23184!/:?]
	at net.minecraftforge.registries.GameData.<clinit>(GameData.java:95) ~[forge-1.19.2-43.2.3_mapped_official_1.19.2-recomp.jar%23177%23184!/:?]
	at net.minecraft.core.Registry.forge(Registry.java:435) ~[forge-1.19.2-43.2.3_mapped_official_1.19.2-recomp.jar%23178!/:?]
	at net.minecraft.core.Registry.forge(Registry.java:419) ~[forge-1.19.2-43.2.3_mapped_official_1.19.2-recomp.jar%23178!/:?]
	at net.minecraft.core.Registry.<clinit>(Registry.java:186) ~[forge-1.19.2-43.2.3_mapped_official_1.19.2-recomp.jar%23178!/:?]
	at net.minecraft.server.Bootstrap.bootStrap(Bootstrap.java:43) ~[forge-1.19.2-43.2.3_mapped_official_1.19.2-recomp.jar%23178!/:?]
	at net.minecraft.client.main.Main.lambda$run$0(Main.java:145) ~[forge-1.19.2-43.2.3_mapped_official_1.19.2-recomp.jar%23178!/:?]
	at java.util.concurrent.Executors$RunnableAdapter.call(Executors.java:539) [?:?]
	at java.util.concurrent.FutureTask.run(FutureTask.java:264) [?:?]
	at java.util.concurrent.ThreadPoolExecutor.runWorker(ThreadPoolExecutor.java:1136) [?:?]
	at java.util.concurrent.ThreadPoolExecutor$Worker.run(ThreadPoolExecutor.java:635) [?:?]
	at java.lang.Thread.run(Thread.java:833) [?:?]
